<?xml version="1.0" encoding="UTF-8"?>
<testsuite name="com.mosbach.demo.DemoApplicationTests" tests="1" skipped="0" failures="0" errors="0" timestamp="2021-09-14T08:38:05" hostname="MacBook-Pro.local" time="0.453">
  <properties/>
  <testcase name="contextLoads()" classname="com.mosbach.demo.DemoApplicationTests" time="0.453"/>
  <system-out><![CDATA[10:38:03.325 [Test worker] DEBUG org.springframework.test.context.BootstrapUtils - Instantiating CacheAwareContextLoaderDelegate from class [org.springframework.test.context.cache.DefaultCacheAwareContextLoaderDelegate]
10:38:03.338 [Test worker] DEBUG org.springframework.test.context.BootstrapUtils - Instantiating BootstrapContext using constructor [public org.springframework.test.context.support.DefaultBootstrapContext(java.lang.Class,org.springframework.test.context.CacheAwareContextLoaderDelegate)]
10:38:03.363 [Test worker] DEBUG org.springframework.test.context.BootstrapUtils - Instantiating TestContextBootstrapper for test class [com.mosbach.demo.DemoApplicationTests] from class [org.springframework.boot.test.context.SpringBootTestContextBootstrapper]
10:38:03.383 [Test worker] INFO org.springframework.boot.test.context.SpringBootTestContextBootstrapper - Neither @ContextConfiguration nor @ContextHierarchy found for test class [com.mosbach.demo.DemoApplicationTests], using SpringBootContextLoader
10:38:03.388 [Test worker] DEBUG org.springframework.test.context.support.AbstractContextLoader - Did not detect default resource location for test class [com.mosbach.demo.DemoApplicationTests]: class path resource [com/mosbach/demo/DemoApplicationTests-context.xml] does not exist
10:38:03.388 [Test worker] DEBUG org.springframework.test.context.support.AbstractContextLoader - Did not detect default resource location for test class [com.mosbach.demo.DemoApplicationTests]: class path resource [com/mosbach/demo/DemoApplicationTestsContext.groovy] does not exist
10:38:03.389 [Test worker] INFO org.springframework.test.context.support.AbstractContextLoader - Could not detect default resource locations for test class [com.mosbach.demo.DemoApplicationTests]: no resource found for suffixes {-context.xml, Context.groovy}.
10:38:03.390 [Test worker] INFO org.springframework.test.context.support.AnnotationConfigContextLoaderUtils - Could not detect default configuration classes for test class [com.mosbach.demo.DemoApplicationTests]: DemoApplicationTests does not declare any static, non-private, non-final, nested classes annotated with @Configuration.
10:38:03.428 [Test worker] DEBUG org.springframework.test.context.support.ActiveProfilesUtils - Could not find an 'annotation declaring class' for annotation type [org.springframework.test.context.ActiveProfiles] and class [com.mosbach.demo.DemoApplicationTests]
10:38:03.475 [Test worker] DEBUG org.springframework.context.annotation.ClassPathScanningCandidateComponentProvider - Identified candidate component class: file [/Users/banny/Desktop/terminebackend-master/build/classes/java/main/com/mosbach/demo/DemoApplication.class]
10:38:03.489 [Test worker] INFO org.springframework.boot.test.context.SpringBootTestContextBootstrapper - Found @SpringBootConfiguration com.mosbach.demo.DemoApplication for test class com.mosbach.demo.DemoApplicationTests
10:38:03.590 [Test worker] DEBUG org.springframework.boot.test.context.SpringBootTestContextBootstrapper - @TestExecutionListeners is not present for class [com.mosbach.demo.DemoApplicationTests]: using defaults.
10:38:03.590 [Test worker] INFO org.springframework.boot.test.context.SpringBootTestContextBootstrapper - Loaded default TestExecutionListener class names from location [META-INF/spring.factories]: [org.springframework.boot.test.autoconfigure.restdocs.RestDocsTestExecutionListener, org.springframework.boot.test.autoconfigure.web.client.MockRestServiceServerResetTestExecutionListener, org.springframework.boot.test.autoconfigure.web.servlet.MockMvcPrintOnlyOnFailureTestExecutionListener, org.springframework.boot.test.autoconfigure.web.servlet.WebDriverTestExecutionListener, org.springframework.boot.test.autoconfigure.webservices.client.MockWebServiceServerTestExecutionListener, org.springframework.boot.test.mock.mockito.MockitoTestExecutionListener, org.springframework.boot.test.mock.mockito.ResetMocksTestExecutionListener, org.springframework.test.context.web.ServletTestExecutionListener, org.springframework.test.context.support.DirtiesContextBeforeModesTestExecutionListener, org.springframework.test.context.support.DependencyInjectionTestExecutionListener, org.springframework.test.context.support.DirtiesContextTestExecutionListener, org.springframework.test.context.transaction.TransactionalTestExecutionListener, org.springframework.test.context.jdbc.SqlScriptsTestExecutionListener, org.springframework.test.context.event.EventPublishingTestExecutionListener]
10:38:03.602 [Test worker] DEBUG org.springframework.boot.test.context.SpringBootTestContextBootstrapper - Skipping candidate TestExecutionListener [org.springframework.test.context.transaction.TransactionalTestExecutionListener] due to a missing dependency. Specify custom listener classes or make the default listener classes and their required dependencies available. Offending class: [org/springframework/transaction/interceptor/TransactionAttributeSource]
10:38:03.602 [Test worker] DEBUG org.springframework.boot.test.context.SpringBootTestContextBootstrapper - Skipping candidate TestExecutionListener [org.springframework.test.context.jdbc.SqlScriptsTestExecutionListener] due to a missing dependency. Specify custom listener classes or make the default listener classes and their required dependencies available. Offending class: [org/springframework/transaction/interceptor/TransactionAttribute]
10:38:03.603 [Test worker] INFO org.springframework.boot.test.context.SpringBootTestContextBootstrapper - Using TestExecutionListeners: [org.springframework.test.context.web.ServletTestExecutionListener@7b55e674, org.springframework.test.context.support.DirtiesContextBeforeModesTestExecutionListener@4e78e31a, org.springframework.boot.test.mock.mockito.MockitoTestExecutionListener@7d648db9, org.springframework.boot.test.autoconfigure.SpringBootDependencyInjectionTestExecutionListener@74f4bc4a, org.springframework.test.context.support.DirtiesContextTestExecutionListener@204682e6, org.springframework.test.context.event.EventPublishingTestExecutionListener@292fd5c7, org.springframework.boot.test.autoconfigure.restdocs.RestDocsTestExecutionListener@70ff9c1e, org.springframework.boot.test.autoconfigure.web.client.MockRestServiceServerResetTestExecutionListener@21b878a7, org.springframework.boot.test.autoconfigure.web.servlet.MockMvcPrintOnlyOnFailureTestExecutionListener@35fd8fc4, org.springframework.boot.test.autoconfigure.web.servlet.WebDriverTestExecutionListener@622bf551, org.springframework.boot.test.autoconfigure.webservices.client.MockWebServiceServerTestExecutionListener@6e389a66, org.springframework.boot.test.mock.mockito.ResetMocksTestExecutionListener@c27ba46]
10:38:03.606 [Test worker] DEBUG org.springframework.test.context.support.AbstractDirtiesContextTestExecutionListener - Before test class: context [DefaultTestContext@acf1533 testClass = DemoApplicationTests, testInstance = [null], testMethod = [null], testException = [null], mergedContextConfiguration = [WebMergedContextConfiguration@7703310a testClass = DemoApplicationTests, locations = '{}', classes = '{class com.mosbach.demo.DemoApplication}', contextInitializerClasses = '[]', activeProfiles = '{}', propertySourceLocations = '{}', propertySourceProperties = '{org.springframework.boot.test.context.SpringBootTestContextBootstrapper=true}', contextCustomizers = set[org.springframework.boot.test.autoconfigure.properties.PropertyMappingContextCustomizer@0, org.springframework.boot.test.autoconfigure.web.servlet.WebDriverContextCustomizerFactory$Customizer@6d8193fe, org.springframework.boot.test.context.filter.ExcludeFilterContextCustomizer@667b5c2e, org.springframework.boot.test.json.DuplicateJsonObjectContextCustomizerFactory$DuplicateJsonObjectContextCustomizer@3df72287, org.springframework.boot.test.mock.mockito.MockitoContextCustomizer@0, org.springframework.boot.test.web.client.TestRestTemplateContextCustomizer@7c8499b4, org.springframework.boot.test.context.SpringBootTestArgs@1], resourceBasePath = 'src/main/webapp', contextLoader = 'org.springframework.boot.test.context.SpringBootContextLoader', parent = [null]], attributes = map['org.springframework.test.context.web.ServletTestExecutionListener.activateListener' -> true]], class annotated with @DirtiesContext [false] with mode [null].
10:38:03.626 [Test worker] DEBUG org.springframework.test.context.support.TestPropertySourceUtils - Adding inlined properties to environment: {spring.jmx.enabled=false, org.springframework.boot.test.context.SpringBootTestContextBootstrapper=true}

  .   ____          _            __ _ _
 /\\ / ___'_ __ _ _(_)_ __  __ _ \ \ \ \
( ( )\___ | '_ | '_| | '_ \/ _` | \ \ \ \
 \\/  ___)| |_)| | | | | || (_| |  ) ) ) )
  '  |____| .__|_| |_|_| |_\__, | / / / /
 =========|_|==============|___/=/_/_/_/
 :: Spring Boot ::        (v2.3.4.RELEASE)

2021-09-14 10:38:03.992  INFO 4082 --- [    Test worker] com.mosbach.demo.DemoApplicationTests    : Starting DemoApplicationTests on MacBook-Pro.local with PID 4082 (started by banny in /Users/banny/Desktop/terminebackend-master)
2021-09-14 10:38:03.994  INFO 4082 --- [    Test worker] com.mosbach.demo.DemoApplicationTests    : No active profile set, falling back to default profiles: default
2021-09-14 10:38:05.168  INFO 4082 --- [    Test worker] o.s.s.concurrent.ThreadPoolTaskExecutor  : Initializing ExecutorService 'applicationTaskExecutor'
2021-09-14 10:38:05.505  INFO 4082 --- [    Test worker] o.s.b.a.e.web.EndpointLinksResolver      : Exposing 2 endpoint(s) beneath base path '/actuator'
2021-09-14 10:38:05.542  INFO 4082 --- [    Test worker] com.mosbach.demo.DemoApplicationTests    : Started DemoApplicationTests in 1.909 seconds (JVM running for 2.922)
]]></system-out>
  <system-err><![CDATA[]]></system-err>
</testsuite>
